[INFO] 2022-08-30 16:29:11.402 Task1:18 - [[8, 5, 6], [2, 7, 4, 8, 0, 1, 76, 16]] 
[INFO] 2022-08-30 16:29:11.410 Task1:21 - [8, 5, 6, 2, 7, 4, 8, 0, 1, 76, 16] 
[INFO] 2022-08-30 16:29:11.412 Task1:26 - [8, 5, 6, 2, 7, 4, 8, 0, 1, 76, 16] 
[INFO] 2022-08-30 16:29:11.412 Task1:29 - [0, 1, 2, 4, 5, 6, 7, 8, 8, 16, 76, 55] 
[INFO] 2022-08-30 16:30:45.780 Task1:18 - [[8, 5, 6], [2, 7, 4, 8, 0, 1, 76, 16]] 
[INFO] 2022-08-30 16:30:45.780 Task1:21 - [8, 5, 6, 2, 7, 4, 8, 0, 1, 76, 16] 
[INFO] 2022-08-30 16:30:45.780 Task1:24 - [0, 1, 2, 4, 5, 6, 7, 8, 8, 16, 76] 
[INFO] 2022-08-30 16:30:45.788 Task1:27 - [0, 1, 2, 4, 5, 6, 7, 8, 8, 16, 76, null] 
[INFO] 2022-08-30 16:30:45.788 Task1:30 - [0, 1, 2, 4, 5, 6, 7, 8, 8, 16, 76, 55] 
[INFO] 2022-08-31 09:51:34.967 Main:18 - [[8, 5, 6], [2, 7, 4, 8, 0, 1, 76, 16]] 
[INFO] 2022-08-31 09:51:34.973 Main:21 - [8, 5, 6, 2, 7, 4, 8, 0, 1, 76, 16] 
[INFO] 2022-08-31 09:51:34.974 Main:24 - [0, 1, 2, 4, 5, 6, 7, 8, 8, 16, 76] 
[INFO] 2022-08-31 09:51:34.974 Main:27 - [0, 1, 2, 4, 5, 6, 7, 8, 8, 16, 76, null] 
[INFO] 2022-08-31 09:51:34.975 Main:30 - [0, 1, 2, 4, 5, 6, 7, 8, 8, 16, 76, 55] 
[INFO] 2022-08-31 09:51:34.978 Main:34 - [0, 1, 2, 4, 5, 6, 7, 8, 8, 16, 76, 55] 
[INFO] 2022-08-31 09:55:06.152 Main:18 - [[8, 5, 6], [2, 7, 4, 8, 0, 1, 76, 16]] 
[INFO] 2022-08-31 09:55:06.156 Main:21 - [8, 5, 6, 2, 7, 4, 8, 0, 1, 76, 16] 
[INFO] 2022-08-31 09:55:06.158 Main:24 - [0, 1, 2, 4, 5, 6, 7, 8, 8, 16, 76] 
[INFO] 2022-08-31 09:55:06.158 Main:27 - [0, 1, 2, 4, 5, 6, 7, 8, 8, 16, 76, null] 
[INFO] 2022-08-31 09:55:06.159 Main:30 - [0, 1, 2, 4, 5, 6, 7, 8, 8, 16, 76, 55] 
[INFO] 2022-08-31 09:55:06.161 Main:34 - [0, 1, 2, 4, 5, 6, 7, 8, 8, 16, 76, 55] 
[INFO] 2022-08-31 09:58:28.015 Main:18 - [[8, 5, 6], [2, 7, 4, 8, 0, 1, 76, 16]] 
[INFO] 2022-08-31 09:58:28.020 Main:21 - [8, 5, 6, 2, 7, 4, 8, 0, 1, 76, 16] 
[INFO] 2022-08-31 09:58:28.021 Main:24 - [0, 1, 2, 4, 5, 6, 7, 8, 8, 16, 76] 
[INFO] 2022-08-31 09:58:28.021 Main:27 - [0, 1, 2, 4, 5, 6, 7, 8, 8, 16, 76, null] 
[INFO] 2022-08-31 09:58:28.022 Main:30 - [0, 1, 2, 4, 5, 6, 7, 8, 8, 16, 76, 55] 
[INFO] 2022-08-31 09:58:28.024 Main:34 - [0, 1, 2, 4, 5, 6, 7, 8, 8, 16, 76, 55] 
[INFO] 2022-08-31 09:59:27.366 Main:18 - [[8, 5, 6], [2, 7, 4, 8, 0, 1, 76, 16]] 
[INFO] 2022-08-31 09:59:27.371 Main:21 - [8, 5, 6, 2, 7, 4, 8, 0, 1, 76, 16] 
[INFO] 2022-08-31 09:59:27.373 Main:24 - [0, 1, 2, 4, 5, 6, 7, 8, 8, 16, 76] 
[INFO] 2022-08-31 09:59:27.373 Main:27 - [0, 1, 2, 4, 5, 6, 7, 8, 8, 16, 76, null] 
[INFO] 2022-08-31 09:59:27.375 Main:30 - [0, 1, 2, 4, 5, 6, 7, 8, 8, 16, 76, 55] 
[INFO] 2022-08-31 09:59:27.377 Main:35 - [0, 1, 2, 4, 5, 6, 7, 8, 8, 16, 76, 55] 
[INFO] 2022-08-31 10:00:14.488 Main:18 - [[8, 5, 6], [2, 7, 4, 8, 0, 1, 76, 16]] 
[INFO] 2022-08-31 10:00:14.494 Main:21 - [8, 5, 6, 2, 7, 4, 8, 0, 1, 76, 16] 
[INFO] 2022-08-31 10:00:14.495 Main:24 - [0, 1, 2, 4, 5, 6, 7, 8, 8, 16, 76] 
[INFO] 2022-08-31 10:00:14.495 Main:27 - [0, 1, 2, 4, 5, 6, 7, 8, 8, 16, 76, null] 
[INFO] 2022-08-31 10:00:14.497 Main:30 - [0, 1, 2, 4, 5, 6, 7, 8, 8, 16, 76, 55] 
[INFO] 2022-08-31 10:02:00.782 Main:18 - [[8, 5, 6], [2, 7, 4, 8, 0, 1, 76, 16]] 
[INFO] 2022-08-31 10:02:00.787 Main:21 - [8, 5, 6, 2, 7, 4, 8, 0, 1, 76, 16] 
[INFO] 2022-08-31 10:02:00.788 Main:24 - [0, 1, 2, 4, 5, 6, 7, 8, 8, 16, 76] 
[INFO] 2022-08-31 10:02:00.788 Main:27 - [0, 1, 2, 4, 5, 6, 7, 8, 8, 16, 76, null] 
[INFO] 2022-08-31 10:02:00.789 Main:30 - [0, 1, 2, 4, 5, 6, 7, 8, 8, 16, 76, 55] 
[INFO] 2022-08-31 10:13:31.467 Main:18 - [[8, 5, 6], [2, 7, 4, 8, 0, 1, 76, 16]] 
[INFO] 2022-08-31 10:13:31.471 Main:21 - [8, 5, 6, 2, 7, 4, 8, 0, 1, 76, 16] 
[INFO] 2022-08-31 10:13:31.472 Main:24 - [0, 1, 2, 4, 5, 6, 7, 8, 8, 16, 76] 
[INFO] 2022-08-31 10:13:31.473 Main:27 - [0, 1, 2, 4, 5, 6, 7, 8, 8, 16, 76, null] 
[INFO] 2022-08-31 10:13:31.474 Main:30 - [0, 1, 2, 4, 5, 6, 7, 8, 8, 16, 76, 55] 
[INFO] 2022-08-31 10:21:19.145 Main:18 - [[8, 5, 6], [2, 7, 4, 8, 0, 1, 76, 16]] 
[INFO] 2022-08-31 10:21:19.152 Main:21 - [8, 5, 6, 2, 7, 4, 8, 0, 1, 76, 16] 
[INFO] 2022-08-31 10:21:19.155 Main:24 - [0, 1, 2, 4, 5, 6, 7, 8, 8, 16, 76] 
[INFO] 2022-08-31 10:21:19.155 Main:27 - [0, 1, 2, 4, 5, 6, 7, 8, 8, 16, 76, null] 
[INFO] 2022-08-31 10:21:19.156 Main:30 - [0, 1, 2, 4, 5, 6, 7, 8, 8, 16, 76, 55] 
[INFO] 2022-08-31 10:21:19.158 Main:33 - [0, 2, 4, 8, 10, 12, 14, 16, 16, 32, 152, 110] 
[INFO] 2022-08-31 10:47:10.492 Main:18 - [[8, 5, 6], [2, 7, 4, 8, 0, 1, 76, 16]] 
[INFO] 2022-08-31 10:47:10.499 Main:21 - [8, 5, 6, 2, 7, 4, 8, 0, 1, 76, 16] 
[INFO] 2022-08-31 10:47:10.500 Main:24 - [0, 1, 2, 4, 5, 6, 7, 8, 8, 16, 76] 
[INFO] 2022-08-31 10:47:10.501 Main:27 - [0, 1, 2, 4, 5, 6, 7, 8, 8, 16, 76, null] 
[INFO] 2022-08-31 10:47:10.504 Main:30 - [0, 1, 2, 4, 5, 6, 7, 8, 8, 16, 76, 55] 
[INFO] 2022-08-31 10:47:10.508 Main:33 - [0, 1, 2, 4, 5, 6, 7, 8, 8, 16, 76, 55, 2] 
[INFO] 2022-08-31 10:48:33.141 Main:18 - [[8, 5, 6], [2, 7, 4, 8, 0, 1, 76, 16]] 
[INFO] 2022-08-31 10:48:33.145 Main:21 - [8, 5, 6, 2, 7, 4, 8, 0, 1, 76, 16] 
[INFO] 2022-08-31 10:48:33.146 Main:24 - [0, 1, 2, 4, 5, 6, 7, 8, 8, 16, 76] 
[INFO] 2022-08-31 10:48:33.147 Main:27 - [0, 1, 2, 4, 5, 6, 7, 8, 8, 16, 76, null] 
[INFO] 2022-08-31 10:48:33.147 Main:30 - [0, 1, 2, 4, 5, 6, 7, 8, 8, 16, 76, 55] 
[INFO] 2022-08-31 10:48:33.150 Main:33 - [0, 2, 4, 8, 10, 12, 14, 16, 16, 32, 152, 110] 
